<?xml version="1.0" encoding="UTF-8"?>
<!-- Generated by org.testng.reporters.JUnitReportReporter -->
<testsuite hostname="CHNMCT335593L" failures="0" tests="1" name="LoginPageTest" time="12.299" errors="0" timestamp="30 Aug 2020 10:40:38 GMT" skipped="0">
  <testcase classname="LoginPageTest" name="test1" time="12.299"/>
</testsuite> <!-- LoginPageTest -->
