<?xml version="1.0" encoding="UTF-8"?>
<!-- Generated by org.testng.reporters.JUnitReportReporter -->
<testsuite hostname="CHNMCT335593L" failures="0" tests="1" name="LoginPage" time="10.268" errors="0" timestamp="30 Aug 2020 10:22:20 GMT" skipped="0">
  <testcase classname="LoginPage" name="test" time="10.268"/>
</testsuite> <!-- LoginPage -->
