<?xml version="1.0" encoding="UTF-8"?>
<!-- Generated by org.testng.reporters.JUnitReportReporter -->
<testsuite hostname="CHNMCT335593L" failures="0" tests="4" name="org.mycompany.TestCases.HomePageTest" time="10.813" errors="0" timestamp="30 Aug 2020 15:00:09 GMT" skipped="0">
  <testcase classname="org.mycompany.TestCases.HomePageTest" name="testVerifyTitle" time="0.758"/>
  <testcase classname="org.mycompany.TestCases.HomePageTest" name="testNewCustomerLink" time="1.080"/>
  <testcase classname="org.mycompany.TestCases.HomePageTest" name="newCustomerDataProvider" time="3.958"/>
  <testcase classname="org.mycompany.TestCases.HomePageTest" name="newCustomerDataProvider" time="5.017"/>
</testsuite> <!-- org.mycompany.TestCases.HomePageTest -->
